[00:03:42] [Async Chat Thread - #48/INFO]: [Not Secure] <bat_m4n> rober
[00:03:43] [Server thread/INFO]: Tomate71421 issued server command: /tpa r
[00:03:45] [Server thread/INFO]: RobertoJMX issued server command: /tpaccept Tomate71421
[00:03:47] [Async Chat Thread - #48/INFO]: [Not Secure] <RobertoJMX> dime cae
[00:03:48] [Async Chat Thread - #48/INFO]: [Not Secure] <bat_m4n> tienes bastion?
[00:03:54] [Async Chat Thread - #48/INFO]: [Not Secure] <bat_m4n> para netherite
[00:03:54] [Server thread/INFO]: saritachoclo issued server command: /tell Tomate71421 pimga
[00:03:55] [Async Chat Thread - #48/INFO]: [Not Secure] <RobertoJMX> q es bastion
[00:03:57] [Async Chat Thread - #48/INFO]: [Not Secure] <bat_m4n> mmm
[00:04:02] [Async Chat Thread - #49/INFO]: [Not Secure] <bat_m4n> dond estan los piglins
[00:04:09] [Async Chat Thread - #49/INFO]: [Not Secure] <bat_m4n> como una fortaleza pero de piglins
[00:04:12] [Async Chat Thread - #49/INFO]: [Not Secure] <RobertoJMX> ah si
[00:04:17] [Async Chat Thread - #49/INFO]: [Not Secure] <bat_m4n> si?
[00:04:21] [Async Chat Thread - #49/INFO]: [Not Secure] <RobertoJMX> creo
[00:04:27] [Async Chat Thread - #49/INFO]: [Not Secure] <RobertoJMX> pero te puedo mostrar
[00:04:31] [Async Chat Thread - #49/INFO]: [Not Secure] <bat_m4n> porfa
[00:04:50] [Server thread/INFO]: Tomate71421 has made the advancement [We Need to Go Deeper]
[00:05:05] [Async Chat Thread - #49/INFO]: [Not Secure] <bat_m4n> t hago tp?
[00:05:52] [Server thread/INFO]: saritachoclo lost connection: Timed out
[00:05:52] [Server thread/INFO]: saritachoclo left the game
[00:06:04] [User Authenticator #16/INFO]: UUID of player saritachoclo is 6d853ca1-8923-3036-8ebf-f0901cb3401c
[00:06:07] [Server thread/INFO]: saritachoclo joined the game
[00:06:07] [Server thread/INFO]: saritachoclo[/127.166.4.172:53545] logged in with entity id 67010 at ([world_nether]-25.36809917934977, 59.0, -14.5)
[00:08:08] [User Authenticator #17/INFO]: UUID of player julsitan is dae5f45b-2864-33e5-b8fc-ea407a15e30a
[00:08:10] [Server thread/INFO]: julsitan joined the game
[00:08:10] [Server thread/INFO]: julsitan[/127.191.30.175:59809] logged in with entity id 67630 at ([world]1786.6172614758605, 201.0, 1198.6964532368536)
[00:08:19] [Async Chat Thread - #50/INFO]: [Not Secure] <RobertoJMX> JJAJJAJAJA
[00:09:10] [Server thread/INFO]: bat_m4n lost connection: Timed out
[00:09:10] [Server thread/INFO]: bat_m4n left the game
[00:09:14] [Server thread/INFO]: julsitan issued server command: /tell RobertoJMX de que te ries esquizofrenico?
[00:09:32] [Async Chat Thread - #52/INFO]: [Not Secure] <RobertoJMX> si julian me rio esquizo, por algo estamos en llamada en el grupo
[00:09:36] [User Authenticator #18/INFO]: UUID of player bat_m4n is bb7c8c14-8bc8-3e25-ae73-b4f2f0b73ceb
[00:09:39] [Server thread/INFO]: bat_m4n joined the game
[00:09:39] [Server thread/INFO]: bat_m4n[/127.2.133.184:44709] logged in with entity id 68092 at ([world]1763.699999988079, -53.0, 1834.1029308661882)
[00:10:17] [User Authenticator #18/INFO]: UUID of player bat_m4n is bb7c8c14-8bc8-3e25-ae73-b4f2f0b73ceb
[00:10:17] [Server thread/INFO]: bat_m4n lost connection: You logged in from another location
[00:10:17] [Server thread/INFO]: bat_m4n left the game
[00:10:18] [Server thread/INFO]: bat_m4n joined the game
[00:10:18] [Server thread/INFO]: bat_m4n[/127.2.133.184:45501] logged in with entity id 68531 at ([world]1759.4536092855408, -53.0, 1835.9000551204124)
[00:10:26] [Async Chat Thread - #52/INFO]: [Not Secure] <julsitan> bueno ya me uno
[00:12:51] [Server thread/INFO]: julsitan issued server command: /skin set GianTV
[00:13:05] [Server thread/INFO]: julsitan fell from a high place
[00:13:11] [Server thread/INFO]: julsitan lost connection: Disconnected
[00:13:11] [Server thread/INFO]: julsitan left the game
[00:13:14] [User Authenticator #19/INFO]: UUID of player julsitan is dae5f45b-2864-33e5-b8fc-ea407a15e30a
[00:13:16] [Server thread/INFO]: julsitan joined the game
[00:13:16] [Server thread/INFO]: julsitan[/127.191.30.175:34127] logged in with entity id 69656 at ([world]8.5, 77.0, -1.5)
[00:13:27] [Server thread/INFO]: julsitan issued server command: /home basedevelda}
[00:13:31] [Server thread/INFO]: julsitan issued server command: /home basedevelda
[00:15:14] [Server thread/INFO]: bat_m4n issued server command: /sethome a
[00:15:15] [Server thread/INFO]: bat_m4n issued server command: /homes
[00:15:20] [Server thread/INFO]: bat_m4n issued server command: /homes
[00:15:51] [Server thread/INFO]: bat_m4n issued server command: /home a
[00:15:56] [Server thread/INFO]: saritachoclo has made the advancement [Stone Age]
[00:16:00] [Server thread/INFO]: julsitan issued server command: /skin set GianTV_
[00:16:03] [Server thread/INFO]: julsitan lost connection: Disconnected
[00:16:03] [Server thread/INFO]: julsitan left the game
[00:16:04] [User Authenticator #20/INFO]: UUID of player julsitan is dae5f45b-2864-33e5-b8fc-ea407a15e30a
[00:16:06] [Server thread/INFO]: julsitan joined the game
[00:16:06] [Server thread/INFO]: julsitan[/127.191.30.175:55449] logged in with entity id 70891 at ([world]1796.7062110557968, 201.0, 1199.8120589244033)
[00:16:19] [Server thread/INFO]: Tomate71421 issued server command: /tpa r
[00:16:25] [Server thread/INFO]: RobertoJMX issued server command: /tpadeny Tomate71421
[00:16:27] [Server thread/INFO]: RobertoJMX issued server command: /tpadeny Tomate71421
[00:16:28] [Server thread/INFO]: RobertoJMX issued server command: /tpadeny Tomate71421
[00:16:32] [Server thread/INFO]: RobertoJMX issued server command: /tpaccept Tomate71421
[00:17:09] [Server thread/INFO]: bat_m4n issued server command: /home aldea
[00:17:16] [Server thread/INFO]: bat_m4n issued server command: /home a
[00:18:16] [Server thread/INFO]: julsitan issued server command: /tpa r
[00:18:25] [Server thread/INFO]: RobertoJMX issued server command: /tpaccept julsitan
[00:19:16] [Server thread/INFO]: Tomate71421 issued server command: /home 1
[00:19:24] [Server thread/INFO]: Tomate71421 issued server command: /tpa s
[00:19:33] [Server thread/INFO]: saritachoclo issued server command: /tpaccept Tomate71421
[00:19:35] [Server thread/INFO]: saritachoclo issued server command: /tpaccept Tomate71421
[00:19:36] [Server thread/INFO]: saritachoclo issued server command: /tpaccept Tomate71421
[00:19:37] [Server thread/INFO]: saritachoclo issued server command: /tpaccept Tomate71421
[00:19:37] [Server thread/INFO]: saritachoclo issued server command: /tpaccept Tomate71421
[00:19:38] [Server thread/INFO]: saritachoclo issued server command: /tpaccept Tomate71421
[00:19:47] [Server thread/INFO]: Tomate71421 issued server command: /home 1
[00:20:10] [Async Chat Thread - #54/INFO]: [Not Secure] <bat_m4n> ./tpa
[00:20:13] [Async Chat Thread - #55/INFO]: [Not Secure] <bat_m4n> ./tpa
[00:20:13] [Async Chat Thread - #55/INFO]: [Not Secure] <bat_m4n> ./tpa
[00:20:13] [Async Chat Thread - #55/INFO]: [Not Secure] <bat_m4n> ./tpa
[00:20:14] [Async Chat Thread - #55/INFO]: [Not Secure] <bat_m4n> ./tpa
[00:20:14] [Async Chat Thread - #55/INFO]: [Not Secure] <bat_m4n> ./tpa
[00:20:14] [Async Chat Thread - #55/INFO]: [Not Secure] <bat_m4n> ./tpa
[00:20:16] [Server thread/INFO]: saritachoclo issued server command: /tpat
[00:20:22] [Async Chat Thread - #55/INFO]: [Not Secure] <julsitan> ./tpa t
[00:20:25] [Async Chat Thread - #55/INFO]: [Not Secure] <julsitan> ./tpa t
[00:20:33] [Server thread/INFO]: saritachoclo issued server command: /tpa
[00:20:41] [Server thread/INFO]: saritachoclo has made the advancement [Diamonds!]
[00:20:42] [Async Chat Thread - #55/INFO]: [Not Secure] <Tomate71421> t
[00:23:01] [Server thread/INFO]: saritachoclo issued server command: /tpa t
[00:23:04] [Server thread/INFO]: Tomate71421 issued server command: /tpaccept saritachoclo
[00:23:12] [Async Chat Thread - #56/INFO]: [Not Secure] <Tomate71421> t
[00:23:22] [Server thread/INFO]: julsitan issued server command: /home basealg
[00:23:35] [Server thread/INFO]: julsitan issued server command: /tpa r
[00:23:45] [Server thread/INFO]: Tomate71421 issued server command: /tpaccept saritachoclo
[00:23:57] [Server thread/INFO]: saritachoclo issued server command: /tpa r
[00:24:02] [Server thread/INFO]: RobertoJMX issued server command: /tpaccept saritachoclo
[00:24:08] [Server thread/INFO]: julsitan issued server command: /back
[00:24:37] [Server thread/INFO]: julsitan issued server command: /home basedevelda
[00:24:55] [Server thread/INFO]: saritachoclo issued server command: /tpa t
[00:24:58] [Server thread/INFO]: Tomate71421 issued server command: /tpaccept saritachoclo
[00:25:12] [Server thread/INFO]: julsitan issued server command: /home spawn
[00:25:16] [Server thread/INFO]: RobertoJMX issued server command: /tpa t
[00:25:18] [Server thread/INFO]: julsitan issued server command: /tpa r
[00:25:19] [Server thread/INFO]: Tomate71421 issued server command: /tpaccept RobertoJMX
[00:25:36] [Server thread/INFO]: bat_m4n issued server command: /tpa t
[00:25:39] [Server thread/INFO]: Tomate71421 issued server command: /tpaccept bat_m4n
[00:25:48] [Server thread/INFO]: julsitan issued server command: /tpa r
[00:25:57] [Server thread/INFO]: julsitan issued server command: /tpacancel
[00:26:00] [Server thread/INFO]: julsitan issued server command: /tpa r
[00:26:05] [Server thread/INFO]: Tomate71421 issued server command: /tpaccept bat_m4n
[00:26:18] [Server thread/INFO]: saritachoclo has made the advancement [Getting an Upgrade]
[00:26:49] [Server thread/INFO]: Tomate71421 was slain by RobertoJMX
[00:26:50] [Server thread/INFO]: julsitan issued server command: /home basealg
[00:26:54] [Server thread/INFO]: saritachoclo has made the advancement [Suit Up]
[00:27:33] [Async Chat Thread - #58/INFO]: [Not Secure] <bat_m4n> shhhh
[00:27:41] [Server thread/INFO]: Tomate71421 was shot by RobertoJMX
[00:27:44] [Server thread/INFO]: julsitan issued server command: /tell bat_m4n que me decias?
[00:27:46] [Server thread/INFO]: Tomate71421 issued server command: /back
[00:27:54] [Server thread/INFO]: bat_m4n issued server command: /r eres gian tv
[00:28:05] [Server thread/INFO]: saritachoclo was slain by RobertoJMX
[00:28:17] [Server thread/INFO]: julsitan issued server command: /tell bat_m4n si pero me yo sigo viendo como willyrex
[00:28:21] [Server thread/INFO]: bat_m4n issued server command: /r xd
[00:28:24] [Server thread/INFO]: saritachoclo issued server command: /tpa t
[00:28:29] [Server thread/INFO]: RobertoJMX issued server command: /tpa s
[00:28:29] [Server thread/INFO]: Tomate71421 issued server command: /tpaccept saritachoclo
[00:28:32] [Async Chat Thread - #58/INFO]: [Not Secure] <Tomate71421> e wq
[00:29:15] [Server thread/INFO]: julsitan was slain by Tomate71421
[00:29:18] [Server thread/INFO]: bat_m4n has made the advancement [Voluntary Exile]
[00:29:21] [Server thread/INFO]: julsitan issued server command: /back
[00:29:49] [Server thread/INFO]: RobertoJMX lost connection: Disconnected
[00:29:49] [Server thread/INFO]: RobertoJMX left the game
[00:30:43] [Server thread/INFO]: julsitan issued server command: /home basedevelda
[00:30:43] [Server thread/INFO]: Tomate71421 was slain by bat_m4n
[00:30:54] [Server thread/INFO]: julsitan issued server command: /home basealg
[00:31:24] [User Authenticator #21/INFO]: UUID of player RobertoJMX is f8c70a10-bf50-35c9-99e2-8edc4a154e05
[00:31:27] [Server thread/INFO]: RobertoJMX joined the game
[00:31:27] [Server thread/INFO]: RobertoJMX[/127.59.50.42:59167] logged in with entity id 76435 at ([world]-408.87746260164823, 59.07616605252987, -302.47465727089093)
[00:32:48] [Server thread/INFO]: bat_m4n issued server command: /tpa robertojmx
[00:32:49] [Server thread/INFO]: saritachoclo was slain by Tomate71421
[00:32:51] [Server thread/INFO]: RobertoJMX issued server command: /tpaccept bat_m4n
[00:32:53] [Server thread/INFO]: bat_m4n issued server command: /tpa robertojmx
[00:33:00] [Server thread/INFO]: RobertoJMX issued server command: /tpa t
[00:33:10] [Server thread/INFO]: saritachoclo issued server command: /tpa t
[00:33:12] [Server thread/INFO]: Tomate71421 issued server command: /tpaccept saritachoclo
[00:33:17] [Async Chat Thread - #60/INFO]: [Not Secure] <Tomate71421> es
[00:33:20] [Async Chat Thread - #60/INFO]: [Not Secure] <bat_m4n> ayuda
[00:33:22] [Server thread/INFO]: bat_m4n issued server command: /tpa t
[00:34:11] [Server thread/INFO]: saritachoclo issued server command: /tpa r
[00:34:19] [Server thread/INFO]: RobertoJMX issued server command: /tpaccept saritachoclo
[00:34:47] [User Authenticator #22/INFO]: UUID of player Sebitrucha is 19f657d0-8d59-3ec9-8c2e-e98b7ca4873c
[00:34:50] [Server thread/INFO]: Sebitrucha joined the game
[00:34:50] [Server thread/INFO]: Sebitrucha[/127.251.5.193:58781] logged in with entity id 77383 at ([world]-125.384774097883, 0.0, -26.204871898837496)
[00:35:05] [Async Chat Thread - #62/INFO]: [Not Secure] <Tomate71421> e
[00:35:08] [Server thread/INFO]: bat_m4n issued server command: /tpa t
[00:35:10] [Async Chat Thread - #62/INFO]: [Not Secure] <Sebitrucha> quien fue el hijo de la grandisima puta
[00:35:16] [Async Chat Thread - #62/INFO]: [Not Secure] <bat_m4n> ayuda
[00:35:19] [Server thread/INFO]: julsitan issued server command: /sethome cueva
[00:35:20] [Server thread/INFO]: julsitan issued server command: /home basealg
[00:35:41] [Server thread/INFO]: julsitan issued server command: /home basedevelda
[00:35:45] [Async Chat Thread - #62/INFO]: [Not Secure] <Sebitrucha> ahora me dicen
[00:35:47] [Server thread/INFO]: julsitan issued server command: /home basealg
[00:35:52] [Async Chat Thread - #62/INFO]: [Not Secure] <Sebitrucha> quien fue el hijueputa
[00:35:52] [Async Chat Thread - #62/INFO]: [Not Secure] <bat_m4n> ayuda
[00:35:55] [Async Chat Thread - #62/INFO]: [Not Secure] <bat_m4n> ayuda
[00:35:58] [Async Chat Thread - #62/INFO]: [Not Secure] <bat_m4n> ayuda
[00:35:58] [Async Chat Thread - #62/INFO]: [Not Secure] <bat_m4n> ayuda
[00:36:17] [Async Chat Thread - #62/INFO]: [Not Secure] <Sebitrucha> fuiste tu no vergas?
[00:36:22] [Async Chat Thread - #62/INFO]: [Not Secure] <bat_m4n> ayuda
[00:36:25] [Server thread/INFO]: julsitan fell from a high place
[00:36:31] [Server thread/INFO]: julsitan issued server command: /back
